16:51:51.003 [main] INFO  testCases.TC_005_HotelAdultsNumberTest - ***** Finished TC_004_SendingGiftCardTest *****
16:51:51.253 [main] INFO  testCases.TC_005_HotelAdultsNumberTest - ***** Starting TC_005_HotelAdultsNumberTest *****
16:51:51.578 [main] INFO  testCases.TC_005_HotelAdultsNumberTest - Clicked on Hotels from menu
16:51:52.657 [main] INFO  testCases.TC_005_HotelAdultsNumberTest - Getting numbers for adult person...
16:51:54.235 [main] INFO  testCases.TC_005_HotelAdultsNumberTest - ***** Finished TC_005_HotelAdultsNumberTest *****
18:15:14.508 [main] INFO  testCases.TC_005_HotelAdultsNumberTest - ***** Starting TC_001_SearchCabsTest *****
18:15:16.198 [main] INFO  testCases.TC_005_HotelAdultsNumberTest - Clicked on Cabs from menu
18:15:16.897 [main] INFO  testCases.TC_005_HotelAdultsNumberTest - Selected Outstation One-Way
18:15:16.897 [main] INFO  testCases.TC_005_HotelAdultsNumberTest - Entering source city...
18:15:17.566 [main] INFO  testCases.TC_005_HotelAdultsNumberTest - Selected source city from suggestion list
18:15:17.566 [main] INFO  testCases.TC_005_HotelAdultsNumberTest - Entering destination city...
18:15:20.949 [main] INFO  testCases.TC_005_HotelAdultsNumberTest - Selected destination city from suggestion list...
18:15:21.444 [main] INFO  testCases.TC_005_HotelAdultsNumberTest - Selected pick-up date, month and year...
18:15:24.205 [main] INFO  testCases.TC_005_HotelAdultsNumberTest - Selected pick-up time
18:15:28.159 [main] INFO  testCases.TC_005_HotelAdultsNumberTest - Clicked on Buy Now
18:15:28.160 [main] INFO  testCases.TC_005_HotelAdultsNumberTest - ***** Finished TC_001_SearchCabsTest *****
18:15:28.532 [main] INFO  testCases.TC_005_HotelAdultsNumberTest - ***** Starting TC_002_CabsResultPage *****
18:15:28.555 [main] INFO  testCases.TC_005_HotelAdultsNumberTest - Filtering SUV cabs...
18:15:30.659 [main] INFO  testCases.TC_005_HotelAdultsNumberTest - Getting lowest price of SUV cabs...
18:15:30.756 [main] INFO  testCases.TC_005_HotelAdultsNumberTest - ***** Finished TC_002_CabsResultPage *****
18:15:35.428 [main] INFO  testCases.TC_005_HotelAdultsNumberTest - Selected GiftCards from dropdown...
18:15:35.991 [main] INFO  testCases.TC_005_HotelAdultsNumberTest - Selected wedding giftcard from group of giftcards...
18:15:35.991 [main] INFO  testCases.TC_005_HotelAdultsNumberTest - ***** Finished TC_003_GiftCardTest *****
18:15:36.285 [main] INFO  testCases.TC_005_HotelAdultsNumberTest - ***** Starting TC_004_SendingGiftCardTest *****
18:15:46.525 [main] INFO  testCases.TC_005_HotelAdultsNumberTest - ***** Starting TC_005_HotelAdultsNumberTest *****
18:15:46.749 [main] INFO  testCases.TC_005_HotelAdultsNumberTest - Clicked on Hotels from menu
18:15:47.060 [main] INFO  testCases.TC_005_HotelAdultsNumberTest - Getting numbers for adult person...
18:15:53.469 [main] INFO  testCases.TC_005_HotelAdultsNumberTest - ***** Finished TC_005_HotelAdultsNumberTest *****
18:17:41.104 [main] INFO  testCases.TC_005_HotelAdultsNumberTest - ***** Starting TC_001_SearchCabsTest *****
18:17:43.237 [main] INFO  testCases.TC_005_HotelAdultsNumberTest - Clicked on Cabs from menu
18:17:43.460 [main] INFO  testCases.TC_005_HotelAdultsNumberTest - Selected Outstation One-Way
18:17:43.462 [main] INFO  testCases.TC_005_HotelAdultsNumberTest - Entering source city...
18:17:44.469 [main] INFO  testCases.TC_005_HotelAdultsNumberTest - Selected source city from suggestion list
18:17:44.469 [main] INFO  testCases.TC_005_HotelAdultsNumberTest - Entering destination city...
18:17:47.859 [main] INFO  testCases.TC_005_HotelAdultsNumberTest - Selected destination city from suggestion list...
18:17:48.319 [main] INFO  testCases.TC_005_HotelAdultsNumberTest - Selected pick-up date, month and year...
18:17:51.241 [main] INFO  testCases.TC_005_HotelAdultsNumberTest - Selected pick-up time
18:17:54.185 [main] INFO  testCases.TC_005_HotelAdultsNumberTest - Clicked on Buy Now
18:17:54.185 [main] INFO  testCases.TC_005_HotelAdultsNumberTest - ***** Finished TC_001_SearchCabsTest *****
18:17:54.593 [main] INFO  testCases.TC_005_HotelAdultsNumberTest - ***** Starting TC_002_CabsResultPage *****
18:17:54.596 [main] INFO  testCases.TC_005_HotelAdultsNumberTest - Filtering SUV cabs...
18:17:56.771 [main] INFO  testCases.TC_005_HotelAdultsNumberTest - Getting lowest price of SUV cabs...
18:17:56.826 [main] INFO  testCases.TC_005_HotelAdultsNumberTest - ***** Finished TC_002_CabsResultPage *****
18:17:59.205 [main] INFO  testCases.TC_005_HotelAdultsNumberTest - Selected GiftCards from dropdown...
18:17:59.664 [main] INFO  testCases.TC_005_HotelAdultsNumberTest - Selected wedding giftcard from group of giftcards...
18:17:59.664 [main] INFO  testCases.TC_005_HotelAdultsNumberTest - ***** Finished TC_003_GiftCardTest *****
18:17:59.934 [main] INFO  testCases.TC_005_HotelAdultsNumberTest - ***** Starting TC_004_SendingGiftCardTest *****
18:18:00.791 [main] INFO  testCases.TC_005_HotelAdultsNumberTest - Clicked on Email for giftcard
