13:03:24.807 [main] INFO  testCases.TC_005_HotelAdultsNumberTest - ***** Starting TC_001_SearchCabsTest *****
13:03:27.347 [main] INFO  testCases.TC_005_HotelAdultsNumberTest - Clicked on Cabs from menu
13:03:27.681 [main] INFO  testCases.TC_005_HotelAdultsNumberTest - Selected Outstation One-Way
13:03:27.682 [main] INFO  testCases.TC_005_HotelAdultsNumberTest - Entering source city...
13:03:28.639 [main] INFO  testCases.TC_005_HotelAdultsNumberTest - Selected source city from suggestion list
13:03:28.640 [main] INFO  testCases.TC_005_HotelAdultsNumberTest - Entering destination city...
13:03:32.136 [main] INFO  testCases.TC_005_HotelAdultsNumberTest - Selected destination city from suggestion list...
13:03:32.646 [main] INFO  testCases.TC_005_HotelAdultsNumberTest - Selected pick-up date, month and year...
13:03:35.791 [main] INFO  testCases.TC_005_HotelAdultsNumberTest - Selected pick-up time
13:03:42.252 [main] INFO  testCases.TC_005_HotelAdultsNumberTest - Clicked on Buy Now
13:03:42.253 [main] INFO  testCases.TC_005_HotelAdultsNumberTest - ***** Finished TC_001_SearchCabsTest *****
13:03:42.752 [main] INFO  testCases.TC_005_HotelAdultsNumberTest - ***** Starting TC_002_CabsResultPage *****
13:03:42.756 [main] INFO  testCases.TC_005_HotelAdultsNumberTest - Filtering SUV cabs...
13:03:45.911 [main] INFO  testCases.TC_005_HotelAdultsNumberTest - Getting lowest price of SUV cabs...
13:03:47.578 [main] INFO  testCases.TC_005_HotelAdultsNumberTest - ***** Finished TC_002_CabsResultPage *****
13:04:04.586 [main] INFO  testCases.TC_005_HotelAdultsNumberTest - Selected GiftCards from dropdown...
13:04:05.602 [main] INFO  testCases.TC_005_HotelAdultsNumberTest - Selected wedding giftcard from group of giftcards...
13:04:05.602 [main] INFO  testCases.TC_005_HotelAdultsNumberTest - ***** Finished TC_003_GiftCardTest *****
13:04:05.872 [main] INFO  testCases.TC_005_HotelAdultsNumberTest - ***** Starting TC_004_SendingGiftCardTest *****
13:04:07.581 [main] INFO  testCases.TC_005_HotelAdultsNumberTest - Clicked on Email for giftcard
13:04:08.077 [main] INFO  testCases.TC_005_HotelAdultsNumberTest - Entering sender & receiver details for giftcard...
13:04:11.073 [main] INFO  testCases.TC_005_HotelAdultsNumberTest - Getting error message for invalid emails...
13:04:11.353 [main] INFO  testCases.TC_005_HotelAdultsNumberTest - ***** Finished TC_004_SendingGiftCardTest *****
13:04:11.633 [main] INFO  testCases.TC_005_HotelAdultsNumberTest - ***** Starting TC_005_HotelAdultsNumberTest *****
13:04:11.996 [main] INFO  testCases.TC_005_HotelAdultsNumberTest - Clicked on Hotels from menu
13:04:13.112 [main] INFO  testCases.TC_005_HotelAdultsNumberTest - Getting numbers for adult person...
13:04:19.809 [main] INFO  testCases.TC_005_HotelAdultsNumberTest - ***** Finished TC_005_HotelAdultsNumberTest *****
